# JRE version: OpenJDK Runtime Environment Temurin-17.0.5+8 (17.0.5+8) (build 17.0.5+8)
# Java VM: OpenJDK 64-Bit Server VM Temurin-17.0.5+8 (17.0.5+8, mixed mode, sharing, tiered, compressed oops, compressed class ptrs, g1 gc, windows-amd64)
GC Precious Log:
 CPUs: 8 total, 8 available
 Memory: 8108M
 Large Page Support: Disabled
 NUMA Support: Disabled
 Compressed Oops: Enabled (32-bit)
 Heap Region Size: 1M
 Heap Min Capacity: 256M
 Heap Initial Capacity: 256M
 Heap Max Capacity: 512M
 Pre-touch: Disabled
 Parallel Workers: 8
 Concurrent Workers: 2
 Concurrent Refinement Workers: 8
 Periodic GC: Disabled
Heap:
 garbage-first heap   total 262144K, used 99477K [0x00000000e0000000, 0x0000000100000000)
  region size 1024K, 69 young (70656K), 16 survivors (16384K)
 Metaspace       used 53473K, committed 54080K, reserved 262144K
  class space    used 7476K, committed 7808K, reserved 212992K
GC Heap History (12 events):
Event: 1.009 GC heap before
{Heap before GC invocations=0 (full 0):
 garbage-first heap   total 262144K, used 25600K [0x00000000e0000000, 0x0000000100000000)
  region size 1024K, 23 young (23552K), 0 survivors (0K)
 Metaspace       used 3013K, committed 3200K, reserved 221184K
  class space    used 380K, committed 448K, reserved 212992K
}
Event: 1.015 GC heap after
{Heap after GC invocations=1 (full 0):
 garbage-first heap   total 262144K, used 9062K [0x00000000e0000000, 0x0000000100000000)
  region size 1024K, 3 young (3072K), 3 survivors (3072K)
 Metaspace       used 3013K, committed 3200K, reserved 221184K
  class space    used 380K, committed 448K, reserved 212992K
}
Event: 1.766 GC heap before
{Heap before GC invocations=1 (full 0):
 garbage-first heap   total 262144K, used 37734K [0x00000000e0000000, 0x0000000100000000)
  region size 1024K, 31 young (31744K), 3 survivors (3072K)
 Metaspace       used 3939K, committed 4096K, reserved 221184K
  class space    used 476K, committed 576K, reserved 212992K
}
Event: 1.778 GC heap after
{Heap after GC invocations=2 (full 0):
 garbage-first heap   total 262144K, used 13290K [0x00000000e0000000, 0x0000000100000000)
  region size 1024K, 4 young (4096K), 4 survivors (4096K)
 Metaspace       used 3939K, committed 4096K, reserved 221184K
  class space    used 476K, committed 576K, reserved 212992K
}
Event: 5.447 GC heap before
{Heap before GC invocations=2 (full 0):
 garbage-first heap   total 262144K, used 106474K [0x00000000e0000000, 0x0000000100000000)
  region size 1024K, 97 young (99328K), 4 survivors (4096K)
 Metaspace       used 21156K, committed 21504K, reserved 237568K
  class space    used 3120K, committed 3328K, reserved 212992K
}
Event: 5.460 GC heap after
{Heap after GC invocations=3 (full 0):
 garbage-first heap   total 262144K, used 21800K [0x00000000e0000000, 0x0000000100000000)
  region size 1024K, 13 young (13312K), 13 survivors (13312K)
 Metaspace       used 21156K, committed 21504K, reserved 237568K
  class space    used 3120K, committed 3328K, reserved 212992K
}
Event: 8.300 GC heap before
{Heap before GC invocations=4 (full 0):
 garbage-first heap   total 262144K, used 138536K [0x00000000e0000000, 0x0000000100000000)
  region size 1024K, 128 young (131072K), 13 survivors (13312K)
 Metaspace       used 35615K, committed 35968K, reserved 245760K
  class space    used 5046K, committed 5248K, reserved 212992K
}
Event: 8.320 GC heap after
{Heap after GC invocations=5 (full 0):
 garbage-first heap   total 262144K, used 30697K [0x00000000e0000000, 0x0000000100000000)
  region size 1024K, 17 young (17408K), 17 survivors (17408K)
 Metaspace       used 35615K, committed 35968K, reserved 245760K
  class space    used 5046K, committed 5248K, reserved 212992K
}
Event: 10.151 GC heap before
{Heap before GC invocations=6 (full 0):
 garbage-first heap   total 262144K, used 173033K [0x00000000e0000000, 0x0000000100000000)
  region size 1024K, 153 young (156672K), 17 survivors (17408K)
 Metaspace       used 39176K, committed 39680K, reserved 253952K
  class space    used 5393K, committed 5632K, reserved 212992K
}
Event: 10.180 GC heap after
{Heap after GC invocations=7 (full 0):
 garbage-first heap   total 262144K, used 38871K [0x00000000e0000000, 0x0000000100000000)
  region size 1024K, 17 young (17408K), 17 survivors (17408K)
 Metaspace       used 39176K, committed 39680K, reserved 253952K
  class space    used 5393K, committed 5632K, reserved 212992K
}
Event: 14.226 GC heap before
{Heap before GC invocations=7 (full 0):
 garbage-first heap   total 262144K, used 178135K [0x00000000e0000000, 0x0000000100000000)
  region size 1024K, 153 young (156672K), 17 survivors (17408K)
 Metaspace       used 48772K, committed 49216K, reserved 262144K
  class space    used 6752K, committed 6976K, reserved 212992K
}
Event: 14.266 GC heap after
{Heap after GC invocations=8 (full 0):
 garbage-first heap   total 262144K, used 46229K [0x00000000e0000000, 0x0000000100000000)
  region size 1024K, 16 young (16384K), 16 survivors (16384K)
 Metaspace       used 48772K, committed 49216K, reserved 262144K
  class space    used 6752K, committed 6976K, reserved 212992K
}

