# JRE version: OpenJDK Runtime Environment Temurin-17.0.6+10 (17.0.6+10) (build 17.0.6+10)
# Java VM: OpenJDK 64-Bit Server VM Temurin-17.0.6+10 (17.0.6+10, mixed mode, tiered, compressed oops, compressed class ptrs, parallel gc, windows-amd64)
GC Precious Log:
 CPUs: 8 total, 8 available
 Memory: 8108M
 Large Page Support: Disabled
 NUMA Support: Disabled
 Compressed Oops: Enabled (32-bit)
 Alignments: Space 512K, Generation 512K, Heap 2M
 Heap Min Capacity: 100M
 Heap Initial Capacity: 100M
 Heap Max Capacity: 1G
 Pre-touch: Disabled
 Parallel Workers: 8
Heap:
 PSYoungGen      total 7168K, used 5725K [0x00000000eab00000, 0x00000000eb680000, 0x0000000100000000)
  eden space 6144K, 76% used [0x00000000eab00000,0x00000000eaf97730,0x00000000eb100000)
  from space 1024K, 100% used [0x00000000eb500000,0x00000000eb600000,0x00000000eb600000)
  to   space 512K, 0% used [0x00000000eb600000,0x00000000eb600000,0x00000000eb680000)
 ParOldGen       total 207360K, used 173789K [0x00000000c0000000, 0x00000000cca80000, 0x00000000eab00000)
  object space 207360K, 83% used [0x00000000c0000000,0x00000000ca9b74a0,0x00000000cca80000)
 Metaspace       used 64155K, committed 65152K, reserved 1114112K
  class space    used 7704K, committed 8128K, reserved 1048576K
GC Heap History (20 events):
Event: 80.106 GC heap before
{Heap before GC invocations=365 (full 15):
 PSYoungGen      total 7680K, used 7230K [0x00000000eab00000, 0x00000000eb880000, 0x0000000100000000)
  eden space 6144K, 100% used [0x00000000eab00000,0x00000000eb100000,0x00000000eb100000)
  from space 1536K, 70% used [0x00000000eb580000,0x00000000eb68fa10,0x00000000eb700000)
  to   space 1536K, 0% used [0x00000000eb700000,0x00000000eb700000,0x00000000eb880000)
 ParOldGen       total 207360K, used 172713K [0x00000000c0000000, 0x00000000cca80000, 0x00000000eab00000)
  object space 207360K, 83% used [0x00000000c0000000,0x00000000ca8aa648,0x00000000cca80000)
 Metaspace       used 59946K, committed 60864K, reserved 1105920K
  class space    used 6924K, committed 7296K, reserved 1048576K
}
Event: 80.107 GC heap after
{Heap after GC invocations=365 (full 15):
 PSYoungGen      total 7680K, used 1083K [0x00000000eab00000, 0x00000000eb880000, 0x0000000100000000)
  eden space 6144K, 0% used [0x00000000eab00000,0x00000000eab00000,0x00000000eb100000)
  from space 1536K, 70% used [0x00000000eb700000,0x00000000eb80ef58,0x00000000eb880000)
  to   space 1536K, 0% used [0x00000000eb580000,0x00000000eb580000,0x00000000eb700000)
 ParOldGen       total 207360K, used 172721K [0x00000000c0000000, 0x00000000cca80000, 0x00000000eab00000)
  object space 207360K, 83% used [0x00000000c0000000,0x00000000ca8ac648,0x00000000cca80000)
 Metaspace       used 59946K, committed 60864K, reserved 1105920K
  class space    used 6924K, committed 7296K, reserved 1048576K
}
Event: 80.178 GC heap before
{Heap before GC invocations=366 (full 15):
 PSYoungGen      total 7680K, used 7227K [0x00000000eab00000, 0x00000000eb880000, 0x0000000100000000)
  eden space 6144K, 100% used [0x00000000eab00000,0x00000000eb100000,0x00000000eb100000)
  from space 1536K, 70% used [0x00000000eb700000,0x00000000eb80ef58,0x00000000eb880000)
  to   space 1536K, 0% used [0x00000000eb580000,0x00000000eb580000,0x00000000eb700000)
 ParOldGen       total 207360K, used 172721K [0x00000000c0000000, 0x00000000cca80000, 0x00000000eab00000)
  object space 207360K, 83% used [0x00000000c0000000,0x00000000ca8ac648,0x00000000cca80000)
 Metaspace       used 60418K, committed 61376K, reserved 1105920K
  class space    used 7021K, committed 7424K, reserved 1048576K
}
Event: 80.180 GC heap after
{Heap after GC invocations=366 (full 15):
 PSYoungGen      total 7680K, used 1279K [0x00000000eab00000, 0x00000000eb780000, 0x0000000100000000)
  eden space 6144K, 0% used [0x00000000eab00000,0x00000000eab00000,0x00000000eb100000)
  from space 1536K, 83% used [0x00000000eb580000,0x00000000eb6bfc68,0x00000000eb700000)
  to   space 512K, 0% used [0x00000000eb700000,0x00000000eb700000,0x00000000eb780000)
 ParOldGen       total 207360K, used 172721K [0x00000000c0000000, 0x00000000cca80000, 0x00000000eab00000)
  object space 207360K, 83% used [0x00000000c0000000,0x00000000ca8ac648,0x00000000cca80000)
 Metaspace       used 60418K, committed 61376K, reserved 1105920K
  class space    used 7021K, committed 7424K, reserved 1048576K
}
Event: 80.264 GC heap before
{Heap before GC invocations=367 (full 15):
 PSYoungGen      total 7680K, used 7423K [0x00000000eab00000, 0x00000000eb780000, 0x0000000100000000)
  eden space 6144K, 100% used [0x00000000eab00000,0x00000000eb100000,0x00000000eb100000)
  from space 1536K, 83% used [0x00000000eb580000,0x00000000eb6bfc68,0x00000000eb700000)
  to   space 512K, 0% used [0x00000000eb700000,0x00000000eb700000,0x00000000eb780000)
 ParOldGen       total 207360K, used 172721K [0x00000000c0000000, 0x00000000cca80000, 0x00000000eab00000)
  object space 207360K, 83% used [0x00000000c0000000,0x00000000ca8ac648,0x00000000cca80000)
 Metaspace       used 60906K, committed 61824K, reserved 1105920K
  class space    used 7133K, committed 7488K, reserved 1048576K
}
Event: 80.265 GC heap after
{Heap after GC invocations=367 (full 15):
 PSYoungGen      total 6656K, used 512K [0x00000000eab00000, 0x00000000eb780000, 0x0000000100000000)
  eden space 6144K, 0% used [0x00000000eab00000,0x00000000eab00000,0x00000000eb100000)
  from space 512K, 100% used [0x00000000eb700000,0x00000000eb780000,0x00000000eb780000)
  to   space 1536K, 0% used [0x00000000eb480000,0x00000000eb480000,0x00000000eb600000)
 ParOldGen       total 207360K, used 173257K [0x00000000c0000000, 0x00000000cca80000, 0x00000000eab00000)
  object space 207360K, 83% used [0x00000000c0000000,0x00000000ca932770,0x00000000cca80000)
 Metaspace       used 60906K, committed 61824K, reserved 1105920K
  class space    used 7133K, committed 7488K, reserved 1048576K
}
Event: 80.328 GC heap before
{Heap before GC invocations=368 (full 15):
 PSYoungGen      total 6656K, used 6656K [0x00000000eab00000, 0x00000000eb780000, 0x0000000100000000)
  eden space 6144K, 100% used [0x00000000eab00000,0x00000000eb100000,0x00000000eb100000)
  from space 512K, 100% used [0x00000000eb700000,0x00000000eb780000,0x00000000eb780000)
  to   space 1536K, 0% used [0x00000000eb480000,0x00000000eb480000,0x00000000eb600000)
 ParOldGen       total 207360K, used 173257K [0x00000000c0000000, 0x00000000cca80000, 0x00000000eab00000)
  object space 207360K, 83% used [0x00000000c0000000,0x00000000ca932770,0x00000000cca80000)
 Metaspace       used 61265K, committed 62208K, reserved 1105920K
  class space    used 7217K, committed 7616K, reserved 1048576K
}
Event: 80.329 GC heap after
{Heap after GC invocations=368 (full 15):
 PSYoungGen      total 7680K, used 402K [0x00000000eab00000, 0x00000000eb780000, 0x0000000100000000)
  eden space 6144K, 0% used [0x00000000eab00000,0x00000000eab00000,0x00000000eb100000)
  from space 1536K, 26% used [0x00000000eb480000,0x00000000eb4e4b90,0x00000000eb600000)
  to   space 1024K, 0% used [0x00000000eb680000,0x00000000eb680000,0x00000000eb780000)
 ParOldGen       total 207360K, used 173489K [0x00000000c0000000, 0x00000000cca80000, 0x00000000eab00000)
  object space 207360K, 83% used [0x00000000c0000000,0x00000000ca96c480,0x00000000cca80000)
 Metaspace       used 61265K, committed 62208K, reserved 1105920K
  class space    used 7217K, committed 7616K, reserved 1048576K
}
Event: 80.408 GC heap before
{Heap before GC invocations=369 (full 15):
 PSYoungGen      total 7680K, used 6546K [0x00000000eab00000, 0x00000000eb780000, 0x0000000100000000)
  eden space 6144K, 100% used [0x00000000eab00000,0x00000000eb100000,0x00000000eb100000)
  from space 1536K, 26% used [0x00000000eb480000,0x00000000eb4e4b90,0x00000000eb600000)
  to   space 1024K, 0% used [0x00000000eb680000,0x00000000eb680000,0x00000000eb780000)
 ParOldGen       total 207360K, used 173489K [0x00000000c0000000, 0x00000000cca80000, 0x00000000eab00000)
  object space 207360K, 83% used [0x00000000c0000000,0x00000000ca96c480,0x00000000cca80000)
 Metaspace       used 61700K, committed 62592K, reserved 1105920K
  class space    used 7315K, committed 7680K, reserved 1048576K
}
Event: 80.409 GC heap after
{Heap after GC invocations=369 (full 15):
 PSYoungGen      total 6656K, used 448K [0x00000000eab00000, 0x00000000eb700000, 0x0000000100000000)
  eden space 6144K, 0% used [0x00000000eab00000,0x00000000eab00000,0x00000000eb100000)
  from space 512K, 87% used [0x00000000eb680000,0x00000000eb6f0000,0x00000000eb700000)
  to   space 512K, 0% used [0x00000000eb600000,0x00000000eb600000,0x00000000eb680000)
 ParOldGen       total 207360K, used 173497K [0x00000000c0000000, 0x00000000cca80000, 0x00000000eab00000)
  object space 207360K, 83% used [0x00000000c0000000,0x00000000ca96e480,0x00000000cca80000)
 Metaspace       used 61700K, committed 62592K, reserved 1105920K
  class space    used 7315K, committed 7680K, reserved 1048576K
}
Event: 80.493 GC heap before
{Heap before GC invocations=370 (full 15):
 PSYoungGen      total 6656K, used 6591K [0x00000000eab00000, 0x00000000eb700000, 0x0000000100000000)
  eden space 6144K, 99% used [0x00000000eab00000,0x00000000eb0fff60,0x00000000eb100000)
  from space 512K, 87% used [0x00000000eb680000,0x00000000eb6f0000,0x00000000eb700000)
  to   space 512K, 0% used [0x00000000eb600000,0x00000000eb600000,0x00000000eb680000)
 ParOldGen       total 207360K, used 173497K [0x00000000c0000000, 0x00000000cca80000, 0x00000000eab00000)
  object space 207360K, 83% used [0x00000000c0000000,0x00000000ca96e480,0x00000000cca80000)
 Metaspace       used 61918K, committed 62784K, reserved 1105920K
  class space    used 7381K, committed 7744K, reserved 1048576K
}
Event: 80.494 GC heap after
{Heap after GC invocations=370 (full 15):
 PSYoungGen      total 6656K, used 493K [0x00000000eab00000, 0x00000000eb700000, 0x0000000100000000)
  eden space 6144K, 0% used [0x00000000eab00000,0x00000000eab00000,0x00000000eb100000)
  from space 512K, 96% used [0x00000000eb600000,0x00000000eb67b7e0,0x00000000eb680000)
  to   space 512K, 0% used [0x00000000eb680000,0x00000000eb680000,0x00000000eb700000)
 ParOldGen       total 207360K, used 173545K [0x00000000c0000000, 0x00000000cca80000, 0x00000000eab00000)
  object space 207360K, 83% used [0x00000000c0000000,0x00000000ca97a480,0x00000000cca80000)
 Metaspace       used 61918K, committed 62784K, reserved 1105920K
  class space    used 7381K, committed 7744K, reserved 1048576K
}
Event: 80.584 GC heap before
{Heap before GC invocations=371 (full 15):
 PSYoungGen      total 6656K, used 6637K [0x00000000eab00000, 0x00000000eb700000, 0x0000000100000000)
  eden space 6144K, 100% used [0x00000000eab00000,0x00000000eb100000,0x00000000eb100000)
  from space 512K, 96% used [0x00000000eb600000,0x00000000eb67b7e0,0x00000000eb680000)
  to   space 512K, 0% used [0x00000000eb680000,0x00000000eb680000,0x00000000eb700000)
 ParOldGen       total 207360K, used 173545K [0x00000000c0000000, 0x00000000cca80000, 0x00000000eab00000)
  object space 207360K, 83% used [0x00000000c0000000,0x00000000ca97a480,0x00000000cca80000)
 Metaspace       used 62099K, committed 63104K, reserved 1105920K
  class space    used 7435K, committed 7872K, reserved 1048576K
}
Event: 80.586 GC heap after
{Heap after GC invocations=371 (full 15):
 PSYoungGen      total 6656K, used 512K [0x00000000eab00000, 0x00000000eb700000, 0x0000000100000000)
  eden space 6144K, 0% used [0x00000000eab00000,0x00000000eab00000,0x00000000eb100000)
  from space 512K, 100% used [0x00000000eb680000,0x00000000eb700000,0x00000000eb700000)
  to   space 1024K, 0% used [0x00000000eb500000,0x00000000eb500000,0x00000000eb600000)
 ParOldGen       total 207360K, used 173685K [0x00000000c0000000, 0x00000000cca80000, 0x00000000eab00000)
  object space 207360K, 83% used [0x00000000c0000000,0x00000000ca99d490,0x00000000cca80000)
 Metaspace       used 62099K, committed 63104K, reserved 1105920K
  class space    used 7435K, committed 7872K, reserved 1048576K
}
Event: 80.969 GC heap before
{Heap before GC invocations=372 (full 15):
 PSYoungGen      total 6656K, used 6656K [0x00000000eab00000, 0x00000000eb700000, 0x0000000100000000)
  eden space 6144K, 100% used [0x00000000eab00000,0x00000000eb100000,0x00000000eb100000)
  from space 512K, 100% used [0x00000000eb680000,0x00000000eb700000,0x00000000eb700000)
  to   space 1024K, 0% used [0x00000000eb500000,0x00000000eb500000,0x00000000eb600000)
 ParOldGen       total 207360K, used 173685K [0x00000000c0000000, 0x00000000cca80000, 0x00000000eab00000)
  object space 207360K, 83% used [0x00000000c0000000,0x00000000ca99d490,0x00000000cca80000)
 Metaspace       used 62880K, committed 63872K, reserved 1105920K
  class space    used 7562K, committed 8000K, reserved 1048576K
}
Event: 80.972 GC heap after
{Heap after GC invocations=372 (full 15):
 PSYoungGen      total 7168K, used 704K [0x00000000eab00000, 0x00000000eb700000, 0x0000000100000000)
  eden space 6144K, 0% used [0x00000000eab00000,0x00000000eab00000,0x00000000eb100000)
  from space 1024K, 68% used [0x00000000eb500000,0x00000000eb5b0000,0x00000000eb600000)
  to   space 1024K, 0% used [0x00000000eb600000,0x00000000eb600000,0x00000000eb700000)
 ParOldGen       total 207360K, used 173685K [0x00000000c0000000, 0x00000000cca80000, 0x00000000eab00000)
  object space 207360K, 83% used [0x00000000c0000000,0x00000000ca99d490,0x00000000cca80000)
 Metaspace       used 62880K, committed 63872K, reserved 1105920K
  class space    used 7562K, committed 8000K, reserved 1048576K
}
Event: 84.434 GC heap before
{Heap before GC invocations=373 (full 15):
 PSYoungGen      total 7168K, used 6848K [0x00000000eab00000, 0x00000000eb700000, 0x0000000100000000)
  eden space 6144K, 100% used [0x00000000eab00000,0x00000000eb100000,0x00000000eb100000)
  from space 1024K, 68% used [0x00000000eb500000,0x00000000eb5b0000,0x00000000eb600000)
  to   space 1024K, 0% used [0x00000000eb600000,0x00000000eb600000,0x00000000eb700000)
 ParOldGen       total 207360K, used 173685K [0x00000000c0000000, 0x00000000cca80000, 0x00000000eab00000)
  object space 207360K, 83% used [0x00000000c0000000,0x00000000ca99d490,0x00000000cca80000)
 Metaspace       used 63429K, committed 64320K, reserved 1105920K
  class space    used 7632K, committed 8000K, reserved 1048576K
}
Event: 84.436 GC heap after
{Heap after GC invocations=373 (full 15):
 PSYoungGen      total 7168K, used 960K [0x00000000eab00000, 0x00000000eb700000, 0x0000000100000000)
  eden space 6144K, 0% used [0x00000000eab00000,0x00000000eab00000,0x00000000eb100000)
  from space 1024K, 93% used [0x00000000eb600000,0x00000000eb6f0000,0x00000000eb700000)
  to   space 1024K, 0% used [0x00000000eb500000,0x00000000eb500000,0x00000000eb600000)
 ParOldGen       total 207360K, used 173693K [0x00000000c0000000, 0x00000000cca80000, 0x00000000eab00000)
  object space 207360K, 83% used [0x00000000c0000000,0x00000000ca99f490,0x00000000cca80000)
 Metaspace       used 63429K, committed 64320K, reserved 1105920K
  class space    used 7632K, committed 8000K, reserved 1048576K
}
Event: 93.952 GC heap before
{Heap before GC invocations=374 (full 15):
 PSYoungGen      total 7168K, used 7104K [0x00000000eab00000, 0x00000000eb700000, 0x0000000100000000)
  eden space 6144K, 100% used [0x00000000eab00000,0x00000000eb100000,0x00000000eb100000)
  from space 1024K, 93% used [0x00000000eb600000,0x00000000eb6f0000,0x00000000eb700000)
  to   space 1024K, 0% used [0x00000000eb500000,0x00000000eb500000,0x00000000eb600000)
 ParOldGen       total 207360K, used 173693K [0x00000000c0000000, 0x00000000cca80000, 0x00000000eab00000)
  object space 207360K, 83% used [0x00000000c0000000,0x00000000ca99f490,0x00000000cca80000)
 Metaspace       used 64071K, committed 65024K, reserved 1105920K
  class space    used 7702K, committed 8128K, reserved 1048576K
}
Event: 93.968 GC heap after
{Heap after GC invocations=374 (full 15):
 PSYoungGen      total 7168K, used 1024K [0x00000000eab00000, 0x00000000eb680000, 0x0000000100000000)
  eden space 6144K, 0% used [0x00000000eab00000,0x00000000eab00000,0x00000000eb100000)
  from space 1024K, 100% used [0x00000000eb500000,0x00000000eb600000,0x00000000eb600000)
  to   space 512K, 0% used [0x00000000eb600000,0x00000000eb600000,0x00000000eb680000)
 ParOldGen       total 207360K, used 173789K [0x00000000c0000000, 0x00000000cca80000, 0x00000000eab00000)
  object space 207360K, 83% used [0x00000000c0000000,0x00000000ca9b74a0,0x00000000cca80000)
 Metaspace       used 64071K, committed 65024K, reserved 1105920K
  class space    used 7702K, committed 8128K, reserved 1048576K
}

